===== Reverse Complement Pair Analysis =====
File: ./input_tmp/kmer_counts/SRR10612066.952_k10.txt
Total kmers (count>=2): 456

TTTTTGTATA (3)	<->	TATACAAAAA (4)  => min=3
TTTTGTATAT (5)	<->	ATATACAAAA (4)  => min=4
TTTTAGTATC (6)	<->	GATACTAAAA (3)  => min=3
TTTGTGTCTG (4)	<->	CAGACACAAA (3)  => min=3
TTTGTGAATT (3)	<->	AATTCACAAA (2)  => min=2
TTTGGGAGAA (5)	<->	TTCTCCCAAA (4)  => min=4
TTTCTCTGGC (4)	<->	GCCAGAGAAA (4)  => min=4
TTTAGTATCT (6)	<->	AGATACTAAA (4)  => min=4
TTGTGTCTGT (6)	<->	ACAGACACAA (2)  => min=2
TTGTGAATTT (4)	<->	AAATTCACAA (3)  => min=3
TTGGGAGAAT (5)	<->	ATTCTCCCAA (5)  => min=5
TTCTGATCTC (3)	<->	GAGATCAGAA (3)  => min=3
TTCTCCAGGT (2)	<->	ACCTGGAGAA (4)  => min=2
TTCTATTTGG (5)	<->	CCAAATAGAA (4)  => min=4
TTCACAAACC (2)	<->	GGTTTGTGAA (3)  => min=2
TTATCACTGT (3)	<->	ACAGTGATAA (4)  => min=3
TTAGTATCTG (3)	<->	CAGATACTAA (5)  => min=3
TGTTCTGATC (3)	<->	GATCAGAACA (3)  => min=3
TGTGTGATTT (3)	<->	AAATCACACA (4)  => min=3
TGTGTCTGTC (6)	<->	GACAGACACA (2)  => min=2
TGTGGGTTTG (4)	<->	CAAACCCACA (2)  => min=2
TGTGATTTTT (4)	<->	AAAAATCACA (4)  => min=4
TGTGATTTTG (2)	<->	CAAAATCACA (2)  => min=2
TGTGAATTTG (4)	<->	CAAATTCACA (3)  => min=3
TGTCTGTCCA (6)	<->	TGGACAGACA (2)  => min=2
TGTCCACCTG (5)	<->	CAGGTGGACA (2)  => min=2
TGTATGTACA (5)	<->	TGTACATACA (4)  => min=4
TGTATATACA (3)	<->	TGTATATACA (3)  => min=3
TGTACAGTGA (5)	<->	TCACTGTACA (4)  => min=4
TGTAACAGCC (2)	<->	GGCTGTTACA (6)  => min=2
TGGGGTCCTT (5)	<->	AAGGACCCCA (2)  => min=2
TGGGAGAATC (5)	<->	GATTCTCCCA (5)  => min=5
TGGAGAAGAG (2)	<->	CTCTTCTCCA (3)  => min=2
TGATTTTTTG (2)	<->	CAAAAAATCA (2)  => min=2
TGATCTCTTC (5)	<->	GAAGAGATCA (2)  => min=2
TGATAACGTG (6)	<->	CACGTTATCA (5)  => min=5
TGAATTTGTG (2)	<->	CACAAATTCA (2)  => min=2
TCTTTTAGTA (3)	<->	TACTAAAAGA (3)  => min=3
TCTTCTCCAG (2)	<->	CTGGAGAAGA (2)  => min=2
TCTGTCCACC (6)	<->	GGTGGACAGA (2)  => min=2
TCTGGGCTGT (3)	<->	ACAGCCCAGA (2)  => min=2
TCTGATCTCT (3)	<->	AGAGATCAGA (3)  => min=3
TCTCTTCTCC (4)	<->	GGAGAAGAGA (2)  => min=2
TCTCCCAAAT (4)	<->	ATTTGGGAGA (4)  => min=4
TCTCCAGGTT (2)	<->	AACCTGGAGA (8)  => min=2
TCTATTTGGG (4)	<->	CCCAAATAGA (3)  => min=3
TCCTTCTATT (6)	<->	AATAGAAGGA (2)  => min=2
TCCCAAATAG (3)	<->	CTATTTGGGA (4)  => min=3
TCCAGGTTTC (2)	<->	GAAACCTGGA (7)  => min=2
TCCACCTGTA (5)	<->	TACAGGTGGA (3)  => min=3
TCAGAACACC (5)	<->	GGTGTTCTGA (3)  => min=3
TCACACGTTA (2)	<->	TAACGTGTGA (3)  => min=2
TCACACACGT (4)	<->	ACGTGTGTGA (4)  => min=4
TCACAAACCC (2)	<->	GGGTTTGTGA (3)  => min=2
TATTTGGGAG (4)	<->	CTCCCAAATA (3)  => min=3
TATGTACAGT (5)	<->	ACTGTACATA (4)  => min=4
TATCTGGGCT (2)	<->	AGCCCAGATA (2)  => min=2
TATCACTGTA (3)	<->	TACAGTGATA (4)  => min=3
TAGTATCTGG (3)	<->	CCAGATACTA (5)  => min=3
TAGAAGGACC (2)	<->	GGTCCTTCTA (5)  => min=2
TACATACAGG (3)	<->	CCTGTATGTA (7)  => min=3
TACAAAAAAT (2)	<->	ATTTTTTGTA (2)  => min=2
TAACGTGTGT (4)	<->	ACACACGTTA (5)  => min=4
TAAAAGATTC (4)	<->	GAATCTTTTA (3)  => min=3
GTTTGTGAAT (3)	<->	ATTCACAAAC (2)  => min=2
GTTTCTCTGG (4)	<->	CCAGAGAAAC (5)  => min=4
GTTCTGATCT (3)	<->	AGATCAGAAC (3)  => min=3
GTTATCACTG (5)	<->	CAGTGATAAC (4)  => min=4
GTGTTCTGAT (3)	<->	ATCAGAACAC (4)  => min=3
GTGTGTGATT (4)	<->	AATCACACAC (4)  => min=4
GTGTGATTTT (5)	<->	AAAATCACAC (6)  => min=5
GTGTCTGTCC (6)	<->	GGACAGACAC (2)  => min=2
GTGGGTTTGT (3)	<->	ACAAACCCAC (2)  => min=2
GTGGACAGAC (2)	<->	GTCTGTCCAC (6)  => min=2
GTGATTTTTT (2)	<->	AAAAAATCAC (2)  => min=2
GTGATTTTTG (2)	<->	CAAAAATCAC (2)  => min=2
GTGATTTTGT (2)	<->	ACAAAATCAC (2)  => min=2
GTGATAACGT (6)	<->	ACGTTATCAC (5)  => min=5
GTGAATTTGT (4)	<->	ACAAATTCAC (3)  => min=3
GTCCTTCTAT (5)	<->	ATAGAAGGAC (2)  => min=2
GTCCACCTGT (5)	<->	ACAGGTGGAC (3)  => min=3
GTATGTACAG (5)	<->	CTGTACATAC (4)  => min=4
GTATCTGGGC (2)	<->	GCCCAGATAC (2)  => min=2
GTACATACAG (4)	<->	CTGTATGTAC (8)  => min=4
GTACAGTGAT (4)	<->	ATCACTGTAC (3)  => min=3
GGTTTCTCTG (4)	<->	CAGAGAAACC (5)  => min=4
GGGTCCTTCT (6)	<->	AGAAGGACCC (2)  => min=2
GGGGTCCTTC (5)	<->	GAAGGACCCC (2)  => min=2
GGGAGAATCT (5)	<->	AGATTCTCCC (5)  => min=5
GGAGAATCTT (6)	<->	AAGATTCTCC (6)  => min=6
GGACCCCAGG (2)	<->	CCTGGGGTCC (5)  => min=2
GATTTTTTGT (2)	<->	ACAAAAAATC (2)  => min=2
GATCTCTTCT (5)	<->	AGAAGAGATC (2)  => min=2
GATAACGTGT (6)	<->	ACACGTTATC (6)  => min=6
GAGAATCTTT (8)	<->	AAAGATTCTC (5)  => min=5
GAGAAGAGAT (2)	<->	ATCTCTTCTC (4)  => min=2
GAGAAACCTG (7)	<->	CAGGTTTCTC (5)  => min=5
GACCCCAGGT (2)	<->	ACCTGGGGTC (5)  => min=2
GACACAAATT (4)	<->	AATTTGTGTC (3)  => min=3
GAATTTGTGT (2)	<->	ACACAAATTC (4)  => min=2
GAACACCTGG (5)	<->	CCAGGTGTTC (2)  => min=2
CTTTTAGTAT (3)	<->	ATACTAAAAG (3)  => min=3
CTTCTCCAGG (2)	<->	CCTGGAGAAG (2)  => min=2
CTTCTATTTG (6)	<->	CAAATAGAAG (4)  => min=4
CTGTCCACCT (5)	<->	AGGTGGACAG (2)  => min=2
CTGGGCTGTT (3)	<->	AACAGCCCAG (2)  => min=2
CTCCAGGTTT (2)	<->	AAACCTGGAG (8)  => min=2
CTAAAAGATT (4)	<->	AATCTTTTAG (3)  => min=3
CGTTATCACT (5)	<->	AGTGATAACG (4)  => min=4
CGTGTGTGAT (4)	<->	ATCACACACG (4)  => min=4
CGTGTGATTT (2)	<->	AAATCACACG (2)  => min=2
CCTTCTATTT (6)	<->	AAATAGAAGG (4)  => min=4
CCCCAGGTGT (2)	<->	ACACCTGGGG (5)  => min=2
CCCAGGTGTT (4)	<->	AACACCTGGG (5)  => min=4
CCCAGATACT (4)	<->	AGTATCTGGG (2)  => min=2
CCAGGTTTCT (3)	<->	AGAAACCTGG (7)  => min=3
CCACCTGTAT (7)	<->	ATACAGGTGG (3)  => min=3
CATACAGGTG (3)	<->	CACCTGTATG (8)  => min=3
CAGGTGTTCT (2)	<->	AGAACACCTG (6)  => min=2
CAGCCCAGAT (2)	<->	ATCTGGGCTG (2)  => min=2
CAGAACACCT (4)	<->	AGGTGTTCTG (2)  => min=2
CACTGTACAT (4)	<->	ATGTACAGTG (5)  => min=4
CACCTGGGGT (5)	<->	ACCCCAGGTG (2)  => min=2
CACACGTTAT (7)	<->	ATAACGTGTG (6)  => min=6
CACACACGTT (4)	<->	AACGTGTGTG (4)  => min=4
ATTTGTGTCT (4)	<->	AGACACAAAT (3)  => min=3
ATCTTTTAGT (3)	<->	ACTAAAAGAT (3)  => min=3
ATCACACGTT (2)	<->	AACGTGTGAT (2)  => min=2
AGGTTTCTCT (4)	<->	AGAGAAACCT (7)  => min=4
AGAATCTTTT (7)	<->	AAAAGATTCT (4)  => min=4
ACGTGTGATT (2)	<->	AATCACACGT (2)  => min=2
ACCTGTATGT (8)	<->	ACATACAGGT (3)  => min=3

rev_kmer_count = 390, total_kmer_count = 1623, ratio = 0.240, threshold = 0.050
Decision: complex
============================================

===== Reverse Complement Pair Analysis =====
File: ./input_tmp/kmer_counts/SRR10612066.952_k10.txt
Total kmers (count>=2): 456

TTTTTGTATA (3)	<->	TATACAAAAA (4)  => min=3
TTTTGTATAT (5)	<->	ATATACAAAA (4)  => min=4
TTTTAGTATC (6)	<->	GATACTAAAA (3)  => min=3
TTTGTGTCTG (4)	<->	CAGACACAAA (3)  => min=3
TTTGTGAATT (3)	<->	AATTCACAAA (2)  => min=2
TTTGGGAGAA (5)	<->	TTCTCCCAAA (4)  => min=4
TTTCTCTGGC (4)	<->	GCCAGAGAAA (4)  => min=4
TTTAGTATCT (6)	<->	AGATACTAAA (4)  => min=4
TTGTGTCTGT (6)	<->	ACAGACACAA (2)  => min=2
TTGTGAATTT (4)	<->	AAATTCACAA (3)  => min=3
TTGGGAGAAT (5)	<->	ATTCTCCCAA (5)  => min=5
TTCTGATCTC (3)	<->	GAGATCAGAA (3)  => min=3
TTCTCCAGGT (2)	<->	ACCTGGAGAA (4)  => min=2
TTCTATTTGG (5)	<->	CCAAATAGAA (4)  => min=4
TTCACAAACC (2)	<->	GGTTTGTGAA (3)  => min=2
TTATCACTGT (3)	<->	ACAGTGATAA (4)  => min=3
TTAGTATCTG (3)	<->	CAGATACTAA (5)  => min=3
TGTTCTGATC (3)	<->	GATCAGAACA (3)  => min=3
TGTGTGATTT (3)	<->	AAATCACACA (4)  => min=3
TGTGTCTGTC (6)	<->	GACAGACACA (2)  => min=2
TGTGGGTTTG (4)	<->	CAAACCCACA (2)  => min=2
TGTGATTTTT (4)	<->	AAAAATCACA (4)  => min=4
TGTGATTTTG (2)	<->	CAAAATCACA (2)  => min=2
TGTGAATTTG (4)	<->	CAAATTCACA (3)  => min=3
TGTCTGTCCA (6)	<->	TGGACAGACA (2)  => min=2
TGTCCACCTG (5)	<->	CAGGTGGACA (2)  => min=2
TGTATGTACA (5)	<->	TGTACATACA (4)  => min=4
TGTATATACA (3)	<->	TGTATATACA (3)  => min=3
TGTACAGTGA (5)	<->	TCACTGTACA (4)  => min=4
TGTAACAGCC (2)	<->	GGCTGTTACA (6)  => min=2
TGGGGTCCTT (5)	<->	AAGGACCCCA (2)  => min=2
TGGGAGAATC (5)	<->	GATTCTCCCA (5)  => min=5
TGGAGAAGAG (2)	<->	CTCTTCTCCA (3)  => min=2
TGATTTTTTG (2)	<->	CAAAAAATCA (2)  => min=2
TGATCTCTTC (5)	<->	GAAGAGATCA (2)  => min=2
TGATAACGTG (6)	<->	CACGTTATCA (5)  => min=5
TGAATTTGTG (2)	<->	CACAAATTCA (2)  => min=2
TCTTTTAGTA (3)	<->	TACTAAAAGA (3)  => min=3
TCTTCTCCAG (2)	<->	CTGGAGAAGA (2)  => min=2
TCTGTCCACC (6)	<->	GGTGGACAGA (2)  => min=2
TCTGGGCTGT (3)	<->	ACAGCCCAGA (2)  => min=2
TCTGATCTCT (3)	<->	AGAGATCAGA (3)  => min=3
TCTCTTCTCC (4)	<->	GGAGAAGAGA (2)  => min=2
TCTCCCAAAT (4)	<->	ATTTGGGAGA (4)  => min=4
TCTCCAGGTT (2)	<->	AACCTGGAGA (8)  => min=2
TCTATTTGGG (4)	<->	CCCAAATAGA (3)  => min=3
TCCTTCTATT (6)	<->	AATAGAAGGA (2)  => min=2
TCCCAAATAG (3)	<->	CTATTTGGGA (4)  => min=3
TCCAGGTTTC (2)	<->	GAAACCTGGA (7)  => min=2
TCCACCTGTA (5)	<->	TACAGGTGGA (3)  => min=3
TCAGAACACC (5)	<->	GGTGTTCTGA (3)  => min=3
TCACACGTTA (2)	<->	TAACGTGTGA (3)  => min=2
TCACACACGT (4)	<->	ACGTGTGTGA (4)  => min=4
TCACAAACCC (2)	<->	GGGTTTGTGA (3)  => min=2
TATTTGGGAG (4)	<->	CTCCCAAATA (3)  => min=3
TATGTACAGT (5)	<->	ACTGTACATA (4)  => min=4
TATCTGGGCT (2)	<->	AGCCCAGATA (2)  => min=2
TATCACTGTA (3)	<->	TACAGTGATA (4)  => min=3
TAGTATCTGG (3)	<->	CCAGATACTA (5)  => min=3
TAGAAGGACC (2)	<->	GGTCCTTCTA (5)  => min=2
TACATACAGG (3)	<->	CCTGTATGTA (7)  => min=3
TACAAAAAAT (2)	<->	ATTTTTTGTA (2)  => min=2
TAACGTGTGT (4)	<->	ACACACGTTA (5)  => min=4
TAAAAGATTC (4)	<->	GAATCTTTTA (3)  => min=3
GTTTGTGAAT (3)	<->	ATTCACAAAC (2)  => min=2
GTTTCTCTGG (4)	<->	CCAGAGAAAC (5)  => min=4
GTTCTGATCT (3)	<->	AGATCAGAAC (3)  => min=3
GTTATCACTG (5)	<->	CAGTGATAAC (4)  => min=4
GTGTTCTGAT (3)	<->	ATCAGAACAC (4)  => min=3
GTGTGTGATT (4)	<->	AATCACACAC (4)  => min=4
GTGTGATTTT (5)	<->	AAAATCACAC (6)  => min=5
GTGTCTGTCC (6)	<->	GGACAGACAC (2)  => min=2
GTGGGTTTGT (3)	<->	ACAAACCCAC (2)  => min=2
GTGGACAGAC (2)	<->	GTCTGTCCAC (6)  => min=2
GTGATTTTTT (2)	<->	AAAAAATCAC (2)  => min=2
GTGATTTTTG (2)	<->	CAAAAATCAC (2)  => min=2
GTGATTTTGT (2)	<->	ACAAAATCAC (2)  => min=2
GTGATAACGT (6)	<->	ACGTTATCAC (5)  => min=5
GTGAATTTGT (4)	<->	ACAAATTCAC (3)  => min=3
GTCCTTCTAT (5)	<->	ATAGAAGGAC (2)  => min=2
GTCCACCTGT (5)	<->	ACAGGTGGAC (3)  => min=3
GTATGTACAG (5)	<->	CTGTACATAC (4)  => min=4
GTATCTGGGC (2)	<->	GCCCAGATAC (2)  => min=2
GTACATACAG (4)	<->	CTGTATGTAC (8)  => min=4
GTACAGTGAT (4)	<->	ATCACTGTAC (3)  => min=3
GGTTTCTCTG (4)	<->	CAGAGAAACC (5)  => min=4
GGGTCCTTCT (6)	<->	AGAAGGACCC (2)  => min=2
GGGGTCCTTC (5)	<->	GAAGGACCCC (2)  => min=2
GGGAGAATCT (5)	<->	AGATTCTCCC (5)  => min=5
GGAGAATCTT (6)	<->	AAGATTCTCC (6)  => min=6
GGACCCCAGG (2)	<->	CCTGGGGTCC (5)  => min=2
GATTTTTTGT (2)	<->	ACAAAAAATC (2)  => min=2
GATCTCTTCT (5)	<->	AGAAGAGATC (2)  => min=2
GATAACGTGT (6)	<->	ACACGTTATC (6)  => min=6
GAGAATCTTT (8)	<->	AAAGATTCTC (5)  => min=5
GAGAAGAGAT (2)	<->	ATCTCTTCTC (4)  => min=2
GAGAAACCTG (7)	<->	CAGGTTTCTC (5)  => min=5
GACCCCAGGT (2)	<->	ACCTGGGGTC (5)  => min=2
GACACAAATT (4)	<->	AATTTGTGTC (3)  => min=3
GAATTTGTGT (2)	<->	ACACAAATTC (4)  => min=2
GAACACCTGG (5)	<->	CCAGGTGTTC (2)  => min=2
CTTTTAGTAT (3)	<->	ATACTAAAAG (3)  => min=3
CTTCTCCAGG (2)	<->	CCTGGAGAAG (2)  => min=2
CTTCTATTTG (6)	<->	CAAATAGAAG (4)  => min=4
CTGTCCACCT (5)	<->	AGGTGGACAG (2)  => min=2
CTGGGCTGTT (3)	<->	AACAGCCCAG (2)  => min=2
CTCCAGGTTT (2)	<->	AAACCTGGAG (8)  => min=2
CTAAAAGATT (4)	<->	AATCTTTTAG (3)  => min=3
CGTTATCACT (5)	<->	AGTGATAACG (4)  => min=4
CGTGTGTGAT (4)	<->	ATCACACACG (4)  => min=4
CGTGTGATTT (2)	<->	AAATCACACG (2)  => min=2
CCTTCTATTT (6)	<->	AAATAGAAGG (4)  => min=4
CCCCAGGTGT (2)	<->	ACACCTGGGG (5)  => min=2
CCCAGGTGTT (4)	<->	AACACCTGGG (5)  => min=4
CCCAGATACT (4)	<->	AGTATCTGGG (2)  => min=2
CCAGGTTTCT (3)	<->	AGAAACCTGG (7)  => min=3
CCACCTGTAT (7)	<->	ATACAGGTGG (3)  => min=3
CATACAGGTG (3)	<->	CACCTGTATG (8)  => min=3
CAGGTGTTCT (2)	<->	AGAACACCTG (6)  => min=2
CAGCCCAGAT (2)	<->	ATCTGGGCTG (2)  => min=2
CAGAACACCT (4)	<->	AGGTGTTCTG (2)  => min=2
CACTGTACAT (4)	<->	ATGTACAGTG (5)  => min=4
CACCTGGGGT (5)	<->	ACCCCAGGTG (2)  => min=2
CACACGTTAT (7)	<->	ATAACGTGTG (6)  => min=6
CACACACGTT (4)	<->	AACGTGTGTG (4)  => min=4
ATTTGTGTCT (4)	<->	AGACACAAAT (3)  => min=3
ATCTTTTAGT (3)	<->	ACTAAAAGAT (3)  => min=3
ATCACACGTT (2)	<->	AACGTGTGAT (2)  => min=2
AGGTTTCTCT (4)	<->	AGAGAAACCT (7)  => min=4
AGAATCTTTT (7)	<->	AAAAGATTCT (4)  => min=4
ACGTGTGATT (2)	<->	AATCACACGT (2)  => min=2
ACCTGTATGT (8)	<->	ACATACAGGT (3)  => min=3

rev_kmer_count = 390, total_kmer_count = 1623, ratio = 0.240, threshold = 0.050
Decision: complex
============================================

