===== Reverse Complement Pair Analysis =====
File: ./input_tmp/kmer_counts/SRR10612066.484_k10.txt
Total kmers (count>=2): 531

TTTTGTGTCA (5)	<->	TGACACAAAA (4)  => min=4
TTTTAGATAA (2)	<->	TTATCTAAAA (5)  => min=2
TTTGTGTCAC (5)	<->	GTGACACAAA (4)  => min=4
TTTCTGTTGA (4)	<->	TCAACAGAAA (4)  => min=4
TTTCTGGCAT (3)	<->	ATGCCAGAAA (3)  => min=3
TTTAGATAAT (2)	<->	ATTATCTAAA (5)  => min=2
TTGTGTCACA (7)	<->	TGTGACACAA (4)  => min=4
TTGTGACACA (4)	<->	TGTGTCACAA (6)  => min=4
TTGTCATTCG (8)	<->	CGAATGACAA (2)  => min=2
TTCTTGTGAC (2)	<->	GTCACAAGAA (5)  => min=2
TTCTGGCATG (3)	<->	CATGCCAGAA (3)  => min=3
TTCGAATGAC (3)	<->	GTCATTCGAA (8)  => min=3
TTATATCATT (3)	<->	AATGATATAA (3)  => min=3
TTAGATAATG (2)	<->	CATTATCTAA (4)  => min=2
TGTCATTCGA (8)	<->	TCGAATGACA (2)  => min=2
TGTCACAAGA (5)	<->	TCTTGTGACA (4)  => min=4
TGGCATGCCA (4)	<->	TGGCATGCCA (4)  => min=4
TGATCTGAGG (5)	<->	CCTCAGATCA (2)  => min=2
TGATATAAGT (3)	<->	ACTTATATCA (3)  => min=3
TCTGGCATGC (4)	<->	GCATGCCAGA (4)  => min=4
TCATTCGAAG (8)	<->	CTTCGAATGA (2)  => min=2
TCATTATCTA (4)	<->	TAGATAATGA (2)  => min=2
TCACTTATAT (4)	<->	ATATAAGTGA (2)  => min=2
TCAATGCTTT (2)	<->	AAAGCATTGA (5)  => min=2
TATTCTTGTG (2)	<->	CACAAGAATA (4)  => min=2
TATCATTATC (3)	<->	GATAATGATA (2)  => min=2
TATATCATTA (2)	<->	TAATGATATA (2)  => min=2
TATAAGTGAT (3)	<->	ATCACTTATA (5)  => min=3
TACGTCCAGC (2)	<->	GCTGGACGTA (5)  => min=2
TAAGTGATCT (3)	<->	AGATCACTTA (6)  => min=3
GTGTCACAAG (4)	<->	CTTGTGACAC (4)  => min=4
GTATTCTTGT (2)	<->	ACAAGAATAC (4)  => min=2
GTACGTCCAG (2)	<->	CTGGACGTAC (7)  => min=2
GGCATGCCAG (4)	<->	CTGGCATGCC (4)  => min=4
GCCTCAGATC (2)	<->	GATCTGAGGC (5)  => min=2
GCATTGATCT (5)	<->	AGATCAATGC (2)  => min=2
GATCACTTAT (6)	<->	ATAAGTGATC (3)  => min=3
GATCAATGCT (2)	<->	AGCATTGATC (5)  => min=2
GATATAAGTG (3)	<->	CACTTATATC (4)  => min=3
GAGGCTGAAT (6)	<->	ATTCAGCCTC (2)  => min=2
GACACAAAAT (2)	<->	ATTTTGTGTC (5)  => min=2
CTTATATCAT (3)	<->	ATGATATAAG (2)  => min=2
CTGATGTGTT (2)	<->	AACACATCAG (2)  => min=2
CCAGATCACT (7)	<->	AGTGATCTGG (2)  => min=2
CATTGATCTG (5)	<->	CAGATCAATG (2)  => min=2
CAGATCACTT (7)	<->	AAGTGATCTG (2)  => min=2
CAGAAAAGTT (2)	<->	AACTTTTCTG (2)  => min=2
CAATGGATTT (3)	<->	AAATCCATTG (5)  => min=3
CAATGCTTTT (2)	<->	AAAAGCATTG (5)  => min=2
CAAGAATACT (4)	<->	AGTATTCTTG (2)  => min=2
ATCTGAGGCT (5)	<->	AGCCTCAGAT (2)  => min=2
ATCATTATCT (3)	<->	AGATAATGAT (2)  => min=2
ATCAATGCTT (2)	<->	AAGCATTGAT (5)  => min=2
ATATCATTAT (2)	<->	ATAATGATAT (2)  => min=2
AATGGATTTT (3)	<->	AAAATCCATT (5)  => min=3
AACTAACTTT (3)	<->	AAAGTTAGTT (2)  => min=2

rev_kmer_count = 143, total_kmer_count = 2061, ratio = 0.069, threshold = 0.050
Decision: complex
============================================

===== Reverse Complement Pair Analysis =====
File: ./input_tmp/kmer_counts/SRR10612066.484_k10.txt
Total kmers (count>=2): 531

TTTTGTGTCA (5)	<->	TGACACAAAA (4)  => min=4
TTTTAGATAA (2)	<->	TTATCTAAAA (5)  => min=2
TTTGTGTCAC (5)	<->	GTGACACAAA (4)  => min=4
TTTCTGTTGA (4)	<->	TCAACAGAAA (4)  => min=4
TTTCTGGCAT (3)	<->	ATGCCAGAAA (3)  => min=3
TTTAGATAAT (2)	<->	ATTATCTAAA (5)  => min=2
TTGTGTCACA (7)	<->	TGTGACACAA (4)  => min=4
TTGTGACACA (4)	<->	TGTGTCACAA (6)  => min=4
TTGTCATTCG (8)	<->	CGAATGACAA (2)  => min=2
TTCTTGTGAC (2)	<->	GTCACAAGAA (5)  => min=2
TTCTGGCATG (3)	<->	CATGCCAGAA (3)  => min=3
TTCGAATGAC (3)	<->	GTCATTCGAA (8)  => min=3
TTATATCATT (3)	<->	AATGATATAA (3)  => min=3
TTAGATAATG (2)	<->	CATTATCTAA (4)  => min=2
TGTCATTCGA (8)	<->	TCGAATGACA (2)  => min=2
TGTCACAAGA (5)	<->	TCTTGTGACA (4)  => min=4
TGGCATGCCA (4)	<->	TGGCATGCCA (4)  => min=4
TGATCTGAGG (5)	<->	CCTCAGATCA (2)  => min=2
TGATATAAGT (3)	<->	ACTTATATCA (3)  => min=3
TCTGGCATGC (4)	<->	GCATGCCAGA (4)  => min=4
TCATTCGAAG (8)	<->	CTTCGAATGA (2)  => min=2
TCATTATCTA (4)	<->	TAGATAATGA (2)  => min=2
TCACTTATAT (4)	<->	ATATAAGTGA (2)  => min=2
TCAATGCTTT (2)	<->	AAAGCATTGA (5)  => min=2
TATTCTTGTG (2)	<->	CACAAGAATA (4)  => min=2
TATCATTATC (3)	<->	GATAATGATA (2)  => min=2
TATATCATTA (2)	<->	TAATGATATA (2)  => min=2
TATAAGTGAT (3)	<->	ATCACTTATA (5)  => min=3
TACGTCCAGC (2)	<->	GCTGGACGTA (5)  => min=2
TAAGTGATCT (3)	<->	AGATCACTTA (6)  => min=3
GTGTCACAAG (4)	<->	CTTGTGACAC (4)  => min=4
GTATTCTTGT (2)	<->	ACAAGAATAC (4)  => min=2
GTACGTCCAG (2)	<->	CTGGACGTAC (7)  => min=2
GGCATGCCAG (4)	<->	CTGGCATGCC (4)  => min=4
GCCTCAGATC (2)	<->	GATCTGAGGC (5)  => min=2
GCATTGATCT (5)	<->	AGATCAATGC (2)  => min=2
GATCACTTAT (6)	<->	ATAAGTGATC (3)  => min=3
GATCAATGCT (2)	<->	AGCATTGATC (5)  => min=2
GATATAAGTG (3)	<->	CACTTATATC (4)  => min=3
GAGGCTGAAT (6)	<->	ATTCAGCCTC (2)  => min=2
GACACAAAAT (2)	<->	ATTTTGTGTC (5)  => min=2
CTTATATCAT (3)	<->	ATGATATAAG (2)  => min=2
CTGATGTGTT (2)	<->	AACACATCAG (2)  => min=2
CCAGATCACT (7)	<->	AGTGATCTGG (2)  => min=2
CATTGATCTG (5)	<->	CAGATCAATG (2)  => min=2
CAGATCACTT (7)	<->	AAGTGATCTG (2)  => min=2
CAGAAAAGTT (2)	<->	AACTTTTCTG (2)  => min=2
CAATGGATTT (3)	<->	AAATCCATTG (5)  => min=3
CAATGCTTTT (2)	<->	AAAAGCATTG (5)  => min=2
CAAGAATACT (4)	<->	AGTATTCTTG (2)  => min=2
ATCTGAGGCT (5)	<->	AGCCTCAGAT (2)  => min=2
ATCATTATCT (3)	<->	AGATAATGAT (2)  => min=2
ATCAATGCTT (2)	<->	AAGCATTGAT (5)  => min=2
ATATCATTAT (2)	<->	ATAATGATAT (2)  => min=2
AATGGATTTT (3)	<->	AAAATCCATT (5)  => min=3
AACTAACTTT (3)	<->	AAAGTTAGTT (2)  => min=2

rev_kmer_count = 143, total_kmer_count = 2061, ratio = 0.069, threshold = 0.050
Decision: complex
============================================

