===== Reverse Complement Pair Analysis =====
File: ./input_tmp/kmer_counts/SRR10612066.585_k10.txt
Total kmers (count>=2): 647

TTTTTATTTT (2)	<->	AAAATAAAAA (14)  => min=2
TTTTCCTGTG (6)	<->	CACAGGAAAA (8)  => min=6
TTTTCCCTGT (4)	<->	ACAGGGAAAA (7)  => min=4
TTTTATTTTC (10)	<->	GAAAATAAAA (15)  => min=10
TTTGTGTTTT (9)	<->	AAAACACAAA (9)  => min=9
TTTGAAAGAC (4)	<->	GTCTTTCAAA (11)  => min=4
TTTCCTGTGT (7)	<->	ACACAGGAAA (8)  => min=7
TTTCCCTGTG (6)	<->	CACAGGGAAA (7)  => min=6
TTTCAAAGGT (9)	<->	ACCTTTGAAA (5)  => min=5
TTTATTTTCC (10)	<->	GGAAAATAAA (15)  => min=10
TTTATGCCCT (10)	<->	AGGGCATAAA (2)  => min=2
TTGTGTTTTT (3)	<->	AAAAACACAA (11)  => min=3
TTGAACCTTT (13)	<->	AAAGGTTCAA (9)  => min=9
TTGAAAGACA (4)	<->	TGTCTTTCAA (14)  => min=4
TTCTGACCTT (10)	<->	AAGGTCAGAA (12)  => min=10
TTCGTCCTAA (5)	<->	TTAGGACGAA (4)  => min=4
TTCCTGTGTT (7)	<->	AACACAGGAA (8)  => min=7
TTCCGTCACC (4)	<->	GGTGACGGAA (11)  => min=4
TTCCCTGTGT (6)	<->	ACACAGGGAA (5)  => min=5
TTCAATCTCT (12)	<->	AGAGATTGAA (13)  => min=12
TTCAAAGGTC (9)	<->	GACCTTTGAA (10)  => min=9
TTATTTTCCT (7)	<->	AGGAAAATAA (8)  => min=7
TTATTTTCCC (3)	<->	GGGAAAATAA (7)  => min=3
TTATGCCCTA (10)	<->	TAGGGCATAA (4)  => min=4
TTAGGGGTCT (10)	<->	AGACCCCTAA (2)  => min=2
TGTTTGCTTT (13)	<->	AAAGCAAACA (13)  => min=13
TGTTTATGCC (12)	<->	GGCATAAACA (2)  => min=2
TGTGTTTGCT (13)	<->	AGCAAACACA (13)  => min=13
TGTGTCTTTC (13)	<->	GAAAGACACA (4)  => min=4
TGTGCTGTGT (10)	<->	ACACAGCACA (5)  => min=5
TGTCTGTGCT (11)	<->	AGCACAGACA (5)  => min=5
TGGTGACGGA (10)	<->	TCCGTCACCA (4)  => min=4
TGGTCCTTAG (5)	<->	CTAAGGACCA (8)  => min=5
TGGCGATAGG (4)	<->	CCTATCGCCA (13)  => min=4
TGCTGTGTCT (12)	<->	AGACACAGCA (6)  => min=6
TGCCCTATCG (8)	<->	CGATAGGGCA (4)  => min=4
TGACGGAATT (12)	<->	AATTCCGTCA (3)  => min=3
TGACCTTTGA (9)	<->	TCAAAGGTCA (8)  => min=8
TGAACCTTTG (13)	<->	CAAAGGTTCA (9)  => min=9
TGAAAGACAC (4)	<->	GTGTCTTTCA (12)  => min=4
TCTTTCAAAG (9)	<->	CTTTGAAAGA (4)  => min=4
TCTTCTGACC (12)	<->	GGTCAGAAGA (10)  => min=10
TCTGTGCTGT (11)	<->	ACAGCACAGA (5)  => min=5
TCTGACCTTT (9)	<->	AAAGGTCAGA (10)  => min=9
TCTCTTCTGA (11)	<->	TCAGAAGAGA (9)  => min=9
TCTCCTGCTC (11)	<->	GAGCAGGAGA (2)  => min=2
TCGTCCTAAG (5)	<->	CTTAGGACGA (5)  => min=5
TCGCCATGGT (12)	<->	ACCATGGCGA (4)  => min=4
TCCTTAGGAC (5)	<->	GTCCTAAGGA (6)  => min=5
TCCTGTGTTT (7)	<->	AAACACAGGA (8)  => min=7
TCCTGCTCTT (10)	<->	AAGAGCAGGA (3)  => min=3
TCCTAAGGAC (6)	<->	GTCCTTAGGA (5)  => min=5
TCCCTGTGTT (6)	<->	AACACAGGGA (5)  => min=5
TCACCATGGC (5)	<->	GCCATGGTGA (11)  => min=5
TCAATCTCTT (12)	<->	AAGAGATTGA (11)  => min=11
TATTTTCCTG (7)	<->	CAGGAAAATA (8)  => min=7
TATTTTCCCT (4)	<->	AGGGAAAATA (7)  => min=4
TATGCCCTAT (10)	<->	ATAGGGCATA (4)  => min=4
TATCGCCATG (12)	<->	CATGGCGATA (4)  => min=4
TAGGGGTCTC (10)	<->	GAGACCCCTA (2)  => min=2
TAATTCCGTC (3)	<->	GACGGAATTA (12)  => min=3
TAAGGACCAC (8)	<->	GTGGTCCTTA (5)  => min=5
TAAACATTGC (2)	<->	GCAATGTTTA (12)  => min=2
GTTTATGCCC (10)	<->	GGGCATAAAC (2)  => min=2
GTTCAATCTC (12)	<->	GAGATTGAAC (13)  => min=12
GTGTTTGCTT (13)	<->	AAGCAAACAC (13)  => min=13
GTGCTGTGTC (9)	<->	GACACAGCAC (5)  => min=5
GTGACGGAAT (12)	<->	ATTCCGTCAC (4)  => min=4
GTCTGTGCTG (11)	<->	CAGCACAGAC (5)  => min=5
GTCTCTGCTC (2)	<->	GAGCAGAGAC (2)  => min=2
GTCTCCTGCT (11)	<->	AGCAGGAGAC (2)  => min=2
GTCCTAGGAC (2)	<->	GTCCTAGGAC (2)  => min=2
GTCAGAAGAG (9)	<->	CTCTTCTGAC (12)  => min=9
GTCACCATGG (4)	<->	CCATGGTGAC (11)  => min=4
GGTTCAATCT (12)	<->	AGATTGAACC (13)  => min=12
GGTCTCTGCT (2)	<->	AGCAGAGACC (2)  => min=2
GGTCTCCTGC (11)	<->	GCAGGAGACC (2)  => min=2
GGTCCTTAGG (5)	<->	CCTAAGGACC (7)  => min=5
GGGTCTCTGC (2)	<->	GCAGAGACCC (2)  => min=2
GGGTCTCCTG (11)	<->	CAGGAGACCC (2)  => min=2
GGGGTCTCCT (9)	<->	AGGAGACCCC (2)  => min=2
GGCGATAGGG (4)	<->	CCCTATCGCC (8)  => min=4
GGACCACTGT (11)	<->	ACAGTGGTCC (4)  => min=4
GGAATTAGGG (12)	<->	CCCTAATTCC (4)  => min=4
GCTGTGTCTT (12)	<->	AAGACACAGC (6)  => min=6
GCGATAGGGC (4)	<->	GCCCTATCGC (8)  => min=4
GCATAAACAT (2)	<->	ATGTTTATGC (12)  => min=2
GCACAGACAG (5)	<->	CTGTCTGTGC (11)  => min=5
GCAAACACAG (13)	<->	CTGTGTTTGC (13)  => min=13
GATTGAACCT (12)	<->	AGGTTCAATC (11)  => min=11
GATAGGGCAT (4)	<->	ATGCCCTATC (10)  => min=4
GACCCCTAAT (2)	<->	ATTAGGGGTC (10)  => min=2
GACCACTGTC (11)	<->	GACAGTGGTC (6)  => min=6
GAATTAGGGG (10)	<->	CCCCTAATTC (3)  => min=3
GAAGAGATTG (10)	<->	CAATCTCTTC (10)  => min=10
GAACCTTTGT (12)	<->	ACAAAGGTTC (9)  => min=9
CTTTGTGTTT (10)	<->	AAACACAAAG (9)  => min=9
CTTTCAAAGG (9)	<->	CCTTTGAAAG (4)  => min=4
CTTCTGACCT (11)	<->	AGGTCAGAAG (11)  => min=11
CTGTGTCTTT (12)	<->	AAAGACACAG (4)  => min=4
CTGTGCTGTG (10)	<->	CACAGCACAG (6)  => min=6
CTGACCTTTG (8)	<->	CAAAGGTCAG (9)  => min=8
CTCCTGCTCT (11)	<->	AGAGCAGGAG (3)  => min=3
CTATCGCCAT (13)	<->	ATGGCGATAG (4)  => min=4
CTAATTCCGT (3)	<->	ACGGAATTAG (12)  => min=3
CGTCCTAAGG (5)	<->	CCTTAGGACG (5)  => min=5
CGTCACCATG (4)	<->	CATGGTGACG (10)  => min=4
CGGAATTAGG (12)	<->	CCTAATTCCG (3)  => min=3
CGCCATGGTG (11)	<->	CACCATGGCG (5)  => min=5
CCTTTGTGTT (10)	<->	AACACAAAGG (9)  => min=9
CCTGTGTTTG (12)	<->	CAAACACAGG (13)  => min=12
CCGTCACCAT (5)	<->	ATGGTGACGG (10)  => min=5
CCCTGTGTTT (6)	<->	AAACACAGGG (6)  => min=6
CCATGGCGAT (4)	<->	ATCGCCATGG (12)  => min=4
CCACTGTCTG (10)	<->	CAGACAGTGG (6)  => min=6
CATAAACATT (2)	<->	AATGTTTATG (12)  => min=2
CAGTGGTCCT (5)	<->	AGGACCACTG (11)  => min=5
CAGGGAAAAT (7)	<->	ATTTTCCCTG (4)  => min=4
CAGAAGAGAT (10)	<->	ATCTCTTCTG (10)  => min=10
CACTGTCTGT (10)	<->	ACAGACAGTG (5)  => min=5
CACAGACAGT (5)	<->	ACTGTCTGTG (10)  => min=5
CACAAAGGTT (10)	<->	AACCTTTGTG (10)  => min=10
CAATGTTTAT (12)	<->	ATAAACATTG (2)  => min=2
ATTTTCCTGT (6)	<->	ACAGGAAAAT (8)  => min=6
ATTGAACCTT (13)	<->	AAGGTTCAAT (12)  => min=12
AGTGGTCCTT (5)	<->	AAGGACCACT (9)  => min=5
AGACAGTGGT (6)	<->	ACCACTGTCT (10)  => min=6
AGAAGAGATT (10)	<->	AATCTCTTCT (10)  => min=10
ACCTTTGTGT (10)	<->	ACACAAAGGT (9)  => min=9
ACCCCTAATT (2)	<->	AATTAGGGGT (9)  => min=2

rev_kmer_count = 735, total_kmer_count = 4358, ratio = 0.169, threshold = 0.050
Decision: complex
============================================

===== Reverse Complement Pair Analysis =====
File: ./input_tmp/kmer_counts/SRR10612066.585_k10.txt
Total kmers (count>=2): 647

TTTTTATTTT (2)	<->	AAAATAAAAA (14)  => min=2
TTTTCCTGTG (6)	<->	CACAGGAAAA (8)  => min=6
TTTTCCCTGT (4)	<->	ACAGGGAAAA (7)  => min=4
TTTTATTTTC (10)	<->	GAAAATAAAA (15)  => min=10
TTTGTGTTTT (9)	<->	AAAACACAAA (9)  => min=9
TTTGAAAGAC (4)	<->	GTCTTTCAAA (11)  => min=4
TTTCCTGTGT (7)	<->	ACACAGGAAA (8)  => min=7
TTTCCCTGTG (6)	<->	CACAGGGAAA (7)  => min=6
TTTCAAAGGT (9)	<->	ACCTTTGAAA (5)  => min=5
TTTATTTTCC (10)	<->	GGAAAATAAA (15)  => min=10
TTTATGCCCT (10)	<->	AGGGCATAAA (2)  => min=2
TTGTGTTTTT (3)	<->	AAAAACACAA (11)  => min=3
TTGAACCTTT (13)	<->	AAAGGTTCAA (9)  => min=9
TTGAAAGACA (4)	<->	TGTCTTTCAA (14)  => min=4
TTCTGACCTT (10)	<->	AAGGTCAGAA (12)  => min=10
TTCGTCCTAA (5)	<->	TTAGGACGAA (4)  => min=4
TTCCTGTGTT (7)	<->	AACACAGGAA (8)  => min=7
TTCCGTCACC (4)	<->	GGTGACGGAA (11)  => min=4
TTCCCTGTGT (6)	<->	ACACAGGGAA (5)  => min=5
TTCAATCTCT (12)	<->	AGAGATTGAA (13)  => min=12
TTCAAAGGTC (9)	<->	GACCTTTGAA (10)  => min=9
TTATTTTCCT (7)	<->	AGGAAAATAA (8)  => min=7
TTATTTTCCC (3)	<->	GGGAAAATAA (7)  => min=3
TTATGCCCTA (10)	<->	TAGGGCATAA (4)  => min=4
TTAGGGGTCT (10)	<->	AGACCCCTAA (2)  => min=2
TGTTTGCTTT (13)	<->	AAAGCAAACA (13)  => min=13
TGTTTATGCC (12)	<->	GGCATAAACA (2)  => min=2
TGTGTTTGCT (13)	<->	AGCAAACACA (13)  => min=13
TGTGTCTTTC (13)	<->	GAAAGACACA (4)  => min=4
TGTGCTGTGT (10)	<->	ACACAGCACA (5)  => min=5
TGTCTGTGCT (11)	<->	AGCACAGACA (5)  => min=5
TGGTGACGGA (10)	<->	TCCGTCACCA (4)  => min=4
TGGTCCTTAG (5)	<->	CTAAGGACCA (8)  => min=5
TGGCGATAGG (4)	<->	CCTATCGCCA (13)  => min=4
TGCTGTGTCT (12)	<->	AGACACAGCA (6)  => min=6
TGCCCTATCG (8)	<->	CGATAGGGCA (4)  => min=4
TGACGGAATT (12)	<->	AATTCCGTCA (3)  => min=3
TGACCTTTGA (9)	<->	TCAAAGGTCA (8)  => min=8
TGAACCTTTG (13)	<->	CAAAGGTTCA (9)  => min=9
TGAAAGACAC (4)	<->	GTGTCTTTCA (12)  => min=4
TCTTTCAAAG (9)	<->	CTTTGAAAGA (4)  => min=4
TCTTCTGACC (12)	<->	GGTCAGAAGA (10)  => min=10
TCTGTGCTGT (11)	<->	ACAGCACAGA (5)  => min=5
TCTGACCTTT (9)	<->	AAAGGTCAGA (10)  => min=9
TCTCTTCTGA (11)	<->	TCAGAAGAGA (9)  => min=9
TCTCCTGCTC (11)	<->	GAGCAGGAGA (2)  => min=2
TCGTCCTAAG (5)	<->	CTTAGGACGA (5)  => min=5
TCGCCATGGT (12)	<->	ACCATGGCGA (4)  => min=4
TCCTTAGGAC (5)	<->	GTCCTAAGGA (6)  => min=5
TCCTGTGTTT (7)	<->	AAACACAGGA (8)  => min=7
TCCTGCTCTT (10)	<->	AAGAGCAGGA (3)  => min=3
TCCTAAGGAC (6)	<->	GTCCTTAGGA (5)  => min=5
TCCCTGTGTT (6)	<->	AACACAGGGA (5)  => min=5
TCACCATGGC (5)	<->	GCCATGGTGA (11)  => min=5
TCAATCTCTT (12)	<->	AAGAGATTGA (11)  => min=11
TATTTTCCTG (7)	<->	CAGGAAAATA (8)  => min=7
TATTTTCCCT (4)	<->	AGGGAAAATA (7)  => min=4
TATGCCCTAT (10)	<->	ATAGGGCATA (4)  => min=4
TATCGCCATG (12)	<->	CATGGCGATA (4)  => min=4
TAGGGGTCTC (10)	<->	GAGACCCCTA (2)  => min=2
TAATTCCGTC (3)	<->	GACGGAATTA (12)  => min=3
TAAGGACCAC (8)	<->	GTGGTCCTTA (5)  => min=5
TAAACATTGC (2)	<->	GCAATGTTTA (12)  => min=2
GTTTATGCCC (10)	<->	GGGCATAAAC (2)  => min=2
GTTCAATCTC (12)	<->	GAGATTGAAC (13)  => min=12
GTGTTTGCTT (13)	<->	AAGCAAACAC (13)  => min=13
GTGCTGTGTC (9)	<->	GACACAGCAC (5)  => min=5
GTGACGGAAT (12)	<->	ATTCCGTCAC (4)  => min=4
GTCTGTGCTG (11)	<->	CAGCACAGAC (5)  => min=5
GTCTCTGCTC (2)	<->	GAGCAGAGAC (2)  => min=2
GTCTCCTGCT (11)	<->	AGCAGGAGAC (2)  => min=2
GTCCTAGGAC (2)	<->	GTCCTAGGAC (2)  => min=2
GTCAGAAGAG (9)	<->	CTCTTCTGAC (12)  => min=9
GTCACCATGG (4)	<->	CCATGGTGAC (11)  => min=4
GGTTCAATCT (12)	<->	AGATTGAACC (13)  => min=12
GGTCTCTGCT (2)	<->	AGCAGAGACC (2)  => min=2
GGTCTCCTGC (11)	<->	GCAGGAGACC (2)  => min=2
GGTCCTTAGG (5)	<->	CCTAAGGACC (7)  => min=5
GGGTCTCTGC (2)	<->	GCAGAGACCC (2)  => min=2
GGGTCTCCTG (11)	<->	CAGGAGACCC (2)  => min=2
GGGGTCTCCT (9)	<->	AGGAGACCCC (2)  => min=2
GGCGATAGGG (4)	<->	CCCTATCGCC (8)  => min=4
GGACCACTGT (11)	<->	ACAGTGGTCC (4)  => min=4
GGAATTAGGG (12)	<->	CCCTAATTCC (4)  => min=4
GCTGTGTCTT (12)	<->	AAGACACAGC (6)  => min=6
GCGATAGGGC (4)	<->	GCCCTATCGC (8)  => min=4
GCATAAACAT (2)	<->	ATGTTTATGC (12)  => min=2
GCACAGACAG (5)	<->	CTGTCTGTGC (11)  => min=5
GCAAACACAG (13)	<->	CTGTGTTTGC (13)  => min=13
GATTGAACCT (12)	<->	AGGTTCAATC (11)  => min=11
GATAGGGCAT (4)	<->	ATGCCCTATC (10)  => min=4
GACCCCTAAT (2)	<->	ATTAGGGGTC (10)  => min=2
GACCACTGTC (11)	<->	GACAGTGGTC (6)  => min=6
GAATTAGGGG (10)	<->	CCCCTAATTC (3)  => min=3
GAAGAGATTG (10)	<->	CAATCTCTTC (10)  => min=10
GAACCTTTGT (12)	<->	ACAAAGGTTC (9)  => min=9
CTTTGTGTTT (10)	<->	AAACACAAAG (9)  => min=9
CTTTCAAAGG (9)	<->	CCTTTGAAAG (4)  => min=4
CTTCTGACCT (11)	<->	AGGTCAGAAG (11)  => min=11
CTGTGTCTTT (12)	<->	AAAGACACAG (4)  => min=4
CTGTGCTGTG (10)	<->	CACAGCACAG (6)  => min=6
CTGACCTTTG (8)	<->	CAAAGGTCAG (9)  => min=8
CTCCTGCTCT (11)	<->	AGAGCAGGAG (3)  => min=3
CTATCGCCAT (13)	<->	ATGGCGATAG (4)  => min=4
CTAATTCCGT (3)	<->	ACGGAATTAG (12)  => min=3
CGTCCTAAGG (5)	<->	CCTTAGGACG (5)  => min=5
CGTCACCATG (4)	<->	CATGGTGACG (10)  => min=4
CGGAATTAGG (12)	<->	CCTAATTCCG (3)  => min=3
CGCCATGGTG (11)	<->	CACCATGGCG (5)  => min=5
CCTTTGTGTT (10)	<->	AACACAAAGG (9)  => min=9
CCTGTGTTTG (12)	<->	CAAACACAGG (13)  => min=12
CCGTCACCAT (5)	<->	ATGGTGACGG (10)  => min=5
CCCTGTGTTT (6)	<->	AAACACAGGG (6)  => min=6
CCATGGCGAT (4)	<->	ATCGCCATGG (12)  => min=4
CCACTGTCTG (10)	<->	CAGACAGTGG (6)  => min=6
CATAAACATT (2)	<->	AATGTTTATG (12)  => min=2
CAGTGGTCCT (5)	<->	AGGACCACTG (11)  => min=5
CAGGGAAAAT (7)	<->	ATTTTCCCTG (4)  => min=4
CAGAAGAGAT (10)	<->	ATCTCTTCTG (10)  => min=10
CACTGTCTGT (10)	<->	ACAGACAGTG (5)  => min=5
CACAGACAGT (5)	<->	ACTGTCTGTG (10)  => min=5
CACAAAGGTT (10)	<->	AACCTTTGTG (10)  => min=10
CAATGTTTAT (12)	<->	ATAAACATTG (2)  => min=2
ATTTTCCTGT (6)	<->	ACAGGAAAAT (8)  => min=6
ATTGAACCTT (13)	<->	AAGGTTCAAT (12)  => min=12
AGTGGTCCTT (5)	<->	AAGGACCACT (9)  => min=5
AGACAGTGGT (6)	<->	ACCACTGTCT (10)  => min=6
AGAAGAGATT (10)	<->	AATCTCTTCT (10)  => min=10
ACCTTTGTGT (10)	<->	ACACAAAGGT (9)  => min=9
ACCCCTAATT (2)	<->	AATTAGGGGT (9)  => min=2

rev_kmer_count = 735, total_kmer_count = 4358, ratio = 0.169, threshold = 0.050
Decision: complex
============================================

