===== Reverse Complement Pair Analysis =====
File: ./input_tmp/kmer_counts/SRR10612066.1282_k10.txt
Total kmers (count>=2): 761

TTTTTATAAA (6)	<->	TTTATAAAAA (3)  => min=3
TTTTTAGTTT (2)	<->	AAACTAAAAA (4)  => min=2
TTTTCTAAAA (5)	<->	TTTTAGAAAA (3)  => min=3
TTTTATAAAC (5)	<->	GTTTATAAAA (4)  => min=4
TTTTAGTTTT (3)	<->	AAAACTAAAA (7)  => min=3
TTTGTGTCCC (4)	<->	GGGACACAAA (5)  => min=4
TTTGGGCAGG (7)	<->	CCTGCCCAAA (7)  => min=7
TTTGGATTTG (5)	<->	CAAATCCAAA (4)  => min=4
TTTGACATGA (7)	<->	TCATGTCAAA (3)  => min=3
TTTCTTTCTT (5)	<->	AAGAAAGAAA (5)  => min=5
TTTCTTCAAT (5)	<->	ATTGAAGAAA (7)  => min=5
TTTCTTACTT (3)	<->	AAGTAAGAAA (4)  => min=3
TTTCTAAAAC (7)	<->	GTTTTAGAAA (3)  => min=3
TTTATAAGCT (4)	<->	AGCTTATAAA (4)  => min=4
TTTATAAACT (5)	<->	AGTTTATAAA (5)  => min=5
TTTAGTTTTA (3)	<->	TAAAACTAAA (7)  => min=3
TTTAGAAAAC (3)	<->	GTTTTCTAAA (5)  => min=3
TTTACTGTCA (2)	<->	TGACAGTAAA (5)  => min=2
TTGTGTCCCT (5)	<->	AGGGACACAA (5)  => min=5
TTGGGCAGGG (6)	<->	CCCTGCCCAA (5)  => min=5
TTGGATTTGT (5)	<->	ACAAATCCAA (4)  => min=4
TTGACATGAG (7)	<->	CTCATGTCAA (5)  => min=5
TTGAAGAAAG (6)	<->	CTTTCTTCAA (5)  => min=5
TTCTTTCTTC (5)	<->	GAAGAAAGAA (5)  => min=5
TTCTTCAATA (6)	<->	TATTGAAGAA (7)  => min=6
TTCTTACTTT (3)	<->	AAAGTAAGAA (2)  => min=2
TTCTAAAACT (7)	<->	AGTTTTAGAA (3)  => min=3
TTCACTCACC (4)	<->	GGTGAGTGAA (4)  => min=4
TTCACATTCA (3)	<->	TGAATGTGAA (3)  => min=3
TTCAATAATA (5)	<->	TATTATTGAA (7)  => min=5
TTATTGAAGA (7)	<->	TCTTCAATAA (5)  => min=5
TTATAAGCTT (4)	<->	AAGCTTATAA (4)  => min=4
TTATAAACTT (5)	<->	AAGTTTATAA (5)  => min=5
TTATAAAAAT (2)	<->	ATTTTTATAA (2)  => min=2
TTAGTTTTAG (3)	<->	CTAAAACTAA (7)  => min=3
TTAGTTTACT (3)	<->	AGTAAACTAA (4)  => min=3
TTAGGCTACA (3)	<->	TGTAGCCTAA (2)  => min=2
TTAGCGTAGA (5)	<->	TCTACGCTAA (3)  => min=3
TTAGAAAACT (3)	<->	AGTTTTCTAA (5)  => min=3
TTACTGTCAC (3)	<->	GTGACAGTAA (5)  => min=3
TTACAGTCTA (7)	<->	TAGACTGTAA (2)  => min=2
TTAATGTAGC (4)	<->	GCTACATTAA (3)  => min=3
TTAATATATT (7)	<->	AATATATTAA (3)  => min=3
TTAAGTTTAT (5)	<->	ATAAACTTAA (5)  => min=5
TTAACCTTAG (3)	<->	CTAAGGTTAA (3)  => min=3
TGTGTCCCTG (5)	<->	CAGGGACACA (5)  => min=5
TGTGAAGGTC (3)	<->	GACCTTCACA (3)  => min=3
TGTCTGAGAC (5)	<->	GTCTCAGACA (4)  => min=4
TGTCCCTGCC (5)	<->	GGCAGGGACA (6)  => min=5
TGTCACTTTC (4)	<->	GAAAGTGACA (4)  => min=4
TGTCAAATTG (3)	<->	CAATTTGACA (7)  => min=3
TGTAGACTGT (2)	<->	ACAGTCTACA (7)  => min=2
TGTACAGTGA (6)	<->	TCACTGTACA (2)  => min=2
TGTACACTTA (2)	<->	TAAGTGTACA (4)  => min=2
TGTAATCACT (3)	<->	AGTGATTACA (7)  => min=3
TGGTTTGGAT (4)	<->	ATCCAAACCA (6)  => min=4
TGGTGAGTGA (5)	<->	TCACTCACCA (4)  => min=4
TGGGCAGGGA (6)	<->	TCCCTGCCCA (5)  => min=5
TGGATTTGTG (5)	<->	CACAAATCCA (4)  => min=4
TGGAGAAGGG (3)	<->	CCCTTCTCCA (6)  => min=3
TGCCCCTTCT (5)	<->	AGAAGGGGCA (2)  => min=2
TGCCCAAATC (7)	<->	GATTTGGGCA (7)  => min=7
TGATTACAGT (7)	<->	ACTGTAATCA (2)  => min=2
TGATGTCTGA (6)	<->	TCAGACATCA (4)  => min=4
TGATATGGTT (4)	<->	AACCATATCA (4)  => min=4
TGAGTGGTGA (2)	<->	TCACCACTCA (6)  => min=2
TGAGTGAATG (4)	<->	CATTCACTCA (4)  => min=4
TGAGATTTGG (7)	<->	CCAAATCTCA (7)  => min=7
TGAGACCTTC (3)	<->	GAAGGTCTCA (4)  => min=3
TGACTGATAT (4)	<->	ATATCAGTCA (2)  => min=2
TGACATGAGA (7)	<->	TCTCATGTCA (5)  => min=5
TGAAGGTCTC (3)	<->	GAGACCTTCA (4)  => min=3
TGAAGAAAGA (5)	<->	TCTTTCTTCA (5)  => min=5
TCTGAGACCT (3)	<->	AGGTCTCAGA (3)  => min=3
TCTCCAATTT (7)	<->	AAATTGGAGA (2)  => min=2
TCTCATGAGA (7)	<->	TCTCATGAGA (7)  => min=7
TCTCAGACAT (4)	<->	ATGTCTGAGA (6)  => min=4
TCTACATTAG (6)	<->	CTAATGTAGA (3)  => min=3
TCTAAAACTA (7)	<->	TAGTTTTAGA (3)  => min=3
TCCCACCATG (5)	<->	CATGGTGGGA (6)  => min=5
TCCAATTTGA (7)	<->	TCAAATTGGA (3)  => min=3
TCCAAACCAT (6)	<->	ATGGTTTGGA (4)  => min=4
TCACTTTCTT (4)	<->	AAGAAAGTGA (5)  => min=4
TCACTCTACG (5)	<->	CGTAGAGTGA (6)  => min=5
TCACTCCCTG (5)	<->	CAGGGAGTGA (2)  => min=2
TCACATTCAC (3)	<->	GTGAATGTGA (6)  => min=3
TCAATAATAT (5)	<->	ATATTATTGA (7)  => min=5
TATTAACCTT (3)	<->	AAGGTTAATA (6)  => min=3
TATGGTTTGG (6)	<->	CCAAACCATA (7)  => min=6
TATCAGTCAG (2)	<->	CTGACTGATA (4)  => min=2
TATATTATTG (7)	<->	CAATAATATA (4)  => min=4
TATATTAACC (2)	<->	GGTTAATATA (7)  => min=2
TATAAGCTTT (4)	<->	AAAGCTTATA (4)  => min=4
TATAAACTTA (6)	<->	TAAGTTTATA (5)  => min=5
TATAAAAATT (2)	<->	AATTTTTATA (2)  => min=2
TAGTTTACTG (3)	<->	CAGTAAACTA (4)  => min=3
TAGGCTACAT (3)	<->	ATGTAGCCTA (2)  => min=2
TAGCGTAGAG (5)	<->	CTCTACGCTA (4)  => min=4
TAGAGTGATG (7)	<->	CATCACTCTA (5)  => min=5
TAGAAAACTT (3)	<->	AAGTTTTCTA (5)  => min=3
TACTGTCACT (3)	<->	AGTGACAGTA (5)  => min=3
TACGCTAATG (3)	<->	CATTAGCGTA (5)  => min=3
TACATTAGCG (5)	<->	CGCTAATGTA (3)  => min=3
TACATTAAGT (3)	<->	ACTTAATGTA (4)  => min=3
TACAGTGATT (6)	<->	AATCACTGTA (3)  => min=3
TACAGTCTAC (7)	<->	GTAGACTGTA (2)  => min=2
TACAGCTGTA (2)	<->	TACAGCTGTA (2)  => min=2
TACACTTAGG (2)	<->	CCTAAGTGTA (3)  => min=2
TAATGTAGCC (2)	<->	GGCTACATTA (3)  => min=2
TAATGTAGAC (3)	<->	GTCTACATTA (6)  => min=3
TAATCACTGT (3)	<->	ACAGTGATTA (6)  => min=3
TAATATATTA (10)	<->	TAATATATTA (10)  => min=10
TAAGGTTAAT (3)	<->	ATTAACCTTA (3)  => min=3
TAAGCTTTTT (2)	<->	AAAAAGCTTA (3)  => min=2
TAAGCTTTTA (3)	<->	TAAAAGCTTA (2)  => min=2
TAAGAAAGTG (4)	<->	CACTTTCTTA (3)  => min=3
TAACCTTAGT (4)	<->	ACTAAGGTTA (3)  => min=3
TAAACTTAAT (5)	<->	ATTAAGTTTA (5)  => min=5
TAAACTAAGG (3)	<->	CCTTAGTTTA (3)  => min=3
TAAAAAGCTT (2)	<->	AAGCTTTTTA (2)  => min=2
GTTTGGATTT (4)	<->	AAATCCAAAC (6)  => min=4
GTTTACTGTC (3)	<->	GACAGTAAAC (4)  => min=3
GTTAATATAT (7)	<->	ATATATTAAC (3)  => min=3
GTGTCCCTGC (5)	<->	GCAGGGACAC (5)  => min=5
GTGTACAGTG (5)	<->	CACTGTACAC (2)  => min=2
GTGGTGAGTG (5)	<->	CACTCACCAC (4)  => min=4
GTGATTACAG (7)	<->	CTGTAATCAC (3)  => min=3
GTGATGTCTG (6)	<->	CAGACATCAC (4)  => min=4
GTGAGTGGTG (4)	<->	CACCACTCAC (6)  => min=4
GTGAGTGAAT (4)	<->	ATTCACTCAC (4)  => min=4
GTGAAGGTCT (3)	<->	AGACCTTCAC (3)  => min=3
GTCTGAGACC (3)	<->	GGTCTCAGAC (3)  => min=3
GTCCCTGCCC (5)	<->	GGGCAGGGAC (6)  => min=5
GTCACTTTCT (4)	<->	AGAAAGTGAC (5)  => min=4
GTCAAATTGG (3)	<->	CCAATTTGAC (7)  => min=3
GTAGCCTAAG (2)	<->	CTTAGGCTAC (3)  => min=2
GTAGAGTGAT (7)	<->	ATCACTCTAC (5)  => min=5
GTACAGTGAT (6)	<->	ATCACTGTAC (3)  => min=3
GTACACTTAG (2)	<->	CTAAGTGTAC (4)  => min=2
GTAATCACTG (3)	<->	CAGTGATTAC (7)  => min=3
GTAAGAAAGT (4)	<->	ACTTTCTTAC (3)  => min=3
GTAAACTAAG (3)	<->	CTTAGTTTAC (3)  => min=3
GGTTTGGATT (4)	<->	AATCCAAACC (6)  => min=4
GGGGCATGGT (4)	<->	ACCATGCCCC (4)  => min=4
GGGCATGGTG (6)	<->	CACCATGCCC (5)  => min=5
GGGAGTGAGT (2)	<->	ACTCACTCCC (6)  => min=2
GGCATGGTGG (6)	<->	CCACCATGCC (6)  => min=6
GGATTTGTGT (5)	<->	ACACAAATCC (5)  => min=5
GGAGTGAGTG (3)	<->	CACTCACTCC (6)  => min=3
GGAGAAGGGG (3)	<->	CCCCTTCTCC (5)  => min=3
GGACACAAAT (5)	<->	ATTTGTGTCC (5)  => min=5
GCTTTTTAGT (2)	<->	ACTAAAAAGC (2)  => min=2
GCTTTTAGTT (2)	<->	AACTAAAAGC (3)  => min=2
GCTTATAAAG (2)	<->	CTTTATAAGC (4)  => min=2
GCTAATGTAG (3)	<->	CTACATTAGC (5)  => min=3
GCGTAGAGTG (6)	<->	CACTCTACGC (5)  => min=5
GCCTAAGTGT (2)	<->	ACACTTAGGC (2)  => min=2
GCCCCTTCTC (5)	<->	GAGAAGGGGC (2)  => min=2
GCCCAAATCT (7)	<->	AGATTTGGGC (7)  => min=7
GCATGGTGGG (6)	<->	CCCACCATGC (5)  => min=5
GATTTGTGTC (5)	<->	GACACAAATC (5)  => min=5
GATTACAGTC (7)	<->	GACTGTAATC (2)  => min=2
GATGTCTGAG (6)	<->	CTCAGACATC (4)  => min=4
GATATGGTTT (5)	<->	AAACCATATC (6)  => min=5
GAGTGGTGAG (3)	<->	CTCACCACTC (7)  => min=3
GAGTGATGTC (6)	<->	GACATCACTC (6)  => min=6
GAGTGAGTGG (4)	<->	CCACTCACTC (6)  => min=4
GAGTGAATGT (4)	<->	ACATTCACTC (3)  => min=3
GAGATTTGGG (7)	<->	CCCAAATCTC (7)  => min=7
GACTGATATG (4)	<->	CATATCAGTC (4)  => min=4
GACATGAGAT (7)	<->	ATCTCATGTC (5)  => min=5
GAATGTGAAG (3)	<->	CTTCACATTC (4)  => min=3
GAAGGGGCAT (2)	<->	ATGCCCCTTC (5)  => min=2
GAAATTTTTT (4)	<->	AAAAAATTTC (2)  => min=2
GAAAGAAATT (5)	<->	AATTTCTTTC (5)  => min=5
GAAAACTTTT (3)	<->	AAAAGTTTTC (4)  => min=3
CTTTTTAGTT (2)	<->	AACTAAAAAG (2)  => min=2
CTTTCTTACT (3)	<->	AGTAAGAAAG (4)  => min=3
CTTCAATAAT (5)	<->	ATTATTGAAG (7)  => min=5
CTTAATGTAG (4)	<->	CTACATTAAG (3)  => min=3
CTGTCACTTT (3)	<->	AAAGTGACAG (4)  => min=3
CTGTACACTT (2)	<->	AAGTGTACAG (4)  => min=2
CTGCCCAAAT (7)	<->	ATTTGGGCAG (7)  => min=7
CTGATATGGT (4)	<->	ACCATATCAG (4)  => min=4
CTGAGACCTT (2)	<->	AAGGTCTCAG (3)  => min=2
CTCCCACCAT (5)	<->	ATGGTGGGAG (6)  => min=5
CTCCAATTTG (7)	<->	CAAATTGGAG (3)  => min=3
CTCACTCCCT (5)	<->	AGGGAGTGAG (2)  => min=2
CTACGCTAAT (3)	<->	ATTAGCGTAG (5)  => min=3
CTAAAAAGCT (2)	<->	AGCTTTTTAG (2)  => min=2
CCTTCACATT (3)	<->	AATGTGAAGG (3)  => min=3
CTTTTAGTTT (2)	<->	AAACTAAAAG (3)  => min=2
CCATGCCCCT (4)	<->	AGGGGCATGG (3)  => min=3
CCATATCAGT (4)	<->	ACTGATATGG (4)  => min=4
CATTAAGTTT (3)	<->	AAACTTAATG (5)  => min=3
CATGTCAAAT (3)	<->	ATTTGACATG (7)  => min=3
CATGCCCCTT (5)	<->	AAGGGGCATG (3)  => min=3
CATGAGATTT (7)	<->	AAATCTCATG (5)  => min=5
CAGTCTACAT (7)	<->	ATGTAGACTG (2)  => min=2
CACATTCACT (3)	<->	AGTGAATGTG (4)  => min=3
CAAATCTCAT (7)	<->	ATGAGATTTG (7)  => min=7
CAAACCATAT (7)	<->	ATATGGTTTG (6)  => min=6
ATTTCTTTCT (5)	<->	AGAAAGAAAT (5)  => min=5
ATTACAGTCT (7)	<->	AGACTGTAAT (2)  => min=2
ATGTGAAGGT (3)	<->	ACCTTCACAT (3)  => min=3
ATGTCAAATT (3)	<->	AATTTGACAT (7)  => min=3
ATATTAACCT (3)	<->	AGGTTAATAT (7)  => min=3
ATATATTATT (7)	<->	AATAATATAT (3)  => min=3
ATAATATATT (3)	<->	AATATATTAT (7)  => min=3
ATAAGCTTTT (4)	<->	AAAAGCTTAT (4)  => min=4
AGTTTACTGT (3)	<->	ACAGTAAACT (4)  => min=3
AGTGTACAGT (4)	<->	ACTGTACACT (2)  => min=2
AGTGGTGAGT (3)	<->	ACTCACCACT (4)  => min=3
AGTGATGTCT (6)	<->	AGACATCACT (5)  => min=5
AGTGAGTGGT (4)	<->	ACCACTCACT (6)  => min=4
AGTCTACATT (7)	<->	AATGTAGACT (3)  => min=3
AGGCTACATT (3)	<->	AATGTAGCCT (2)  => min=2
AGCGTAGAGT (5)	<->	ACTCTACGCT (5)  => min=5
AGAGTGATGT (6)	<->	ACATCACTCT (6)  => min=6
AGAAATTTTT (5)	<->	AAAAATTTCT (4)  => min=4
AGAAAACTTT (3)	<->	AAAGTTTTCT (5)  => min=3
ACTGTCACTT (3)	<->	AAGTGACAGT (4)  => min=3
ACGCTAATGT (3)	<->	ACATTAGCGT (5)  => min=3
ACCTTAGTTT (4)	<->	AAACTAAGGT (3)  => min=3
ACATTAAGTT (3)	<->	AACTTAATGT (4)  => min=3
ACATGAGATT (7)	<->	AATCTCATGT (5)  => min=5
AAGAAATTTT (5)	<->	AAAATTTCTT (5)  => min=5
AACTAAGGTT (3)	<->	AACCTTAGTT (4)  => min=3
AAATTTTTTT (2)	<->	AAAAAAATTT (2)  => min=2
AAATTTCTTT (4)	<->	AAAGAAATTT (5)  => min=4
AAAACTTTTT (2)	<->	AAAAAGTTTT (4)  => min=2

rev_kmer_count = 824, total_kmer_count = 3080, ratio = 0.268, threshold = 0.050
Decision: complex
============================================

===== Reverse Complement Pair Analysis =====
File: ./input_tmp/kmer_counts/SRR10612066.1282_k10.txt
Total kmers (count>=2): 761

TTTTTATAAA (6)	<->	TTTATAAAAA (3)  => min=3
TTTTTAGTTT (2)	<->	AAACTAAAAA (4)  => min=2
TTTTCTAAAA (5)	<->	TTTTAGAAAA (3)  => min=3
TTTTATAAAC (5)	<->	GTTTATAAAA (4)  => min=4
TTTTAGTTTT (3)	<->	AAAACTAAAA (7)  => min=3
TTTGTGTCCC (4)	<->	GGGACACAAA (5)  => min=4
TTTGGGCAGG (7)	<->	CCTGCCCAAA (7)  => min=7
TTTGGATTTG (5)	<->	CAAATCCAAA (4)  => min=4
TTTGACATGA (7)	<->	TCATGTCAAA (3)  => min=3
TTTCTTTCTT (5)	<->	AAGAAAGAAA (5)  => min=5
TTTCTTCAAT (5)	<->	ATTGAAGAAA (7)  => min=5
TTTCTTACTT (3)	<->	AAGTAAGAAA (4)  => min=3
TTTCTAAAAC (7)	<->	GTTTTAGAAA (3)  => min=3
TTTATAAGCT (4)	<->	AGCTTATAAA (4)  => min=4
TTTATAAACT (5)	<->	AGTTTATAAA (5)  => min=5
TTTAGTTTTA (3)	<->	TAAAACTAAA (7)  => min=3
TTTAGAAAAC (3)	<->	GTTTTCTAAA (5)  => min=3
TTTACTGTCA (2)	<->	TGACAGTAAA (5)  => min=2
TTGTGTCCCT (5)	<->	AGGGACACAA (5)  => min=5
TTGGGCAGGG (6)	<->	CCCTGCCCAA (5)  => min=5
TTGGATTTGT (5)	<->	ACAAATCCAA (4)  => min=4
TTGACATGAG (7)	<->	CTCATGTCAA (5)  => min=5
TTGAAGAAAG (6)	<->	CTTTCTTCAA (5)  => min=5
TTCTTTCTTC (5)	<->	GAAGAAAGAA (5)  => min=5
TTCTTCAATA (6)	<->	TATTGAAGAA (7)  => min=6
TTCTTACTTT (3)	<->	AAAGTAAGAA (2)  => min=2
TTCTAAAACT (7)	<->	AGTTTTAGAA (3)  => min=3
TTCACTCACC (4)	<->	GGTGAGTGAA (4)  => min=4
TTCACATTCA (3)	<->	TGAATGTGAA (3)  => min=3
TTCAATAATA (5)	<->	TATTATTGAA (7)  => min=5
TTATTGAAGA (7)	<->	TCTTCAATAA (5)  => min=5
TTATAAGCTT (4)	<->	AAGCTTATAA (4)  => min=4
TTATAAACTT (5)	<->	AAGTTTATAA (5)  => min=5
TTATAAAAAT (2)	<->	ATTTTTATAA (2)  => min=2
TTAGTTTTAG (3)	<->	CTAAAACTAA (7)  => min=3
TTAGTTTACT (3)	<->	AGTAAACTAA (4)  => min=3
TTAGGCTACA (3)	<->	TGTAGCCTAA (2)  => min=2
TTAGCGTAGA (5)	<->	TCTACGCTAA (3)  => min=3
TTAGAAAACT (3)	<->	AGTTTTCTAA (5)  => min=3
TTACTGTCAC (3)	<->	GTGACAGTAA (5)  => min=3
TTACAGTCTA (7)	<->	TAGACTGTAA (2)  => min=2
TTAATGTAGC (4)	<->	GCTACATTAA (3)  => min=3
TTAATATATT (7)	<->	AATATATTAA (3)  => min=3
TTAAGTTTAT (5)	<->	ATAAACTTAA (5)  => min=5
TTAACCTTAG (3)	<->	CTAAGGTTAA (3)  => min=3
TGTGTCCCTG (5)	<->	CAGGGACACA (5)  => min=5
TGTGAAGGTC (3)	<->	GACCTTCACA (3)  => min=3
TGTCTGAGAC (5)	<->	GTCTCAGACA (4)  => min=4
TGTCCCTGCC (5)	<->	GGCAGGGACA (6)  => min=5
TGTCACTTTC (4)	<->	GAAAGTGACA (4)  => min=4
TGTCAAATTG (3)	<->	CAATTTGACA (7)  => min=3
TGTAGACTGT (2)	<->	ACAGTCTACA (7)  => min=2
TGTACAGTGA (6)	<->	TCACTGTACA (2)  => min=2
TGTACACTTA (2)	<->	TAAGTGTACA (4)  => min=2
TGTAATCACT (3)	<->	AGTGATTACA (7)  => min=3
TGGTTTGGAT (4)	<->	ATCCAAACCA (6)  => min=4
TGGTGAGTGA (5)	<->	TCACTCACCA (4)  => min=4
TGGGCAGGGA (6)	<->	TCCCTGCCCA (5)  => min=5
TGGATTTGTG (5)	<->	CACAAATCCA (4)  => min=4
TGGAGAAGGG (3)	<->	CCCTTCTCCA (6)  => min=3
TGCCCCTTCT (5)	<->	AGAAGGGGCA (2)  => min=2
TGCCCAAATC (7)	<->	GATTTGGGCA (7)  => min=7
TGATTACAGT (7)	<->	ACTGTAATCA (2)  => min=2
TGATGTCTGA (6)	<->	TCAGACATCA (4)  => min=4
TGATATGGTT (4)	<->	AACCATATCA (4)  => min=4
TGAGTGGTGA (2)	<->	TCACCACTCA (6)  => min=2
TGAGTGAATG (4)	<->	CATTCACTCA (4)  => min=4
TGAGATTTGG (7)	<->	CCAAATCTCA (7)  => min=7
TGAGACCTTC (3)	<->	GAAGGTCTCA (4)  => min=3
TGACTGATAT (4)	<->	ATATCAGTCA (2)  => min=2
TGACATGAGA (7)	<->	TCTCATGTCA (5)  => min=5
TGAAGGTCTC (3)	<->	GAGACCTTCA (4)  => min=3
TGAAGAAAGA (5)	<->	TCTTTCTTCA (5)  => min=5
TCTGAGACCT (3)	<->	AGGTCTCAGA (3)  => min=3
TCTCCAATTT (7)	<->	AAATTGGAGA (2)  => min=2
TCTCATGAGA (7)	<->	TCTCATGAGA (7)  => min=7
TCTCAGACAT (4)	<->	ATGTCTGAGA (6)  => min=4
TCTACATTAG (6)	<->	CTAATGTAGA (3)  => min=3
TCTAAAACTA (7)	<->	TAGTTTTAGA (3)  => min=3
TCCCACCATG (5)	<->	CATGGTGGGA (6)  => min=5
TCCAATTTGA (7)	<->	TCAAATTGGA (3)  => min=3
TCCAAACCAT (6)	<->	ATGGTTTGGA (4)  => min=4
TCACTTTCTT (4)	<->	AAGAAAGTGA (5)  => min=4
TCACTCTACG (5)	<->	CGTAGAGTGA (6)  => min=5
TCACTCCCTG (5)	<->	CAGGGAGTGA (2)  => min=2
TCACATTCAC (3)	<->	GTGAATGTGA (6)  => min=3
TCAATAATAT (5)	<->	ATATTATTGA (7)  => min=5
TATTAACCTT (3)	<->	AAGGTTAATA (6)  => min=3
TATGGTTTGG (6)	<->	CCAAACCATA (7)  => min=6
TATCAGTCAG (2)	<->	CTGACTGATA (4)  => min=2
TATATTATTG (7)	<->	CAATAATATA (4)  => min=4
TATATTAACC (2)	<->	GGTTAATATA (7)  => min=2
TATAAGCTTT (4)	<->	AAAGCTTATA (4)  => min=4
TATAAACTTA (6)	<->	TAAGTTTATA (5)  => min=5
TATAAAAATT (2)	<->	AATTTTTATA (2)  => min=2
TAGTTTACTG (3)	<->	CAGTAAACTA (4)  => min=3
TAGGCTACAT (3)	<->	ATGTAGCCTA (2)  => min=2
TAGCGTAGAG (5)	<->	CTCTACGCTA (4)  => min=4
TAGAGTGATG (7)	<->	CATCACTCTA (5)  => min=5
TAGAAAACTT (3)	<->	AAGTTTTCTA (5)  => min=3
TACTGTCACT (3)	<->	AGTGACAGTA (5)  => min=3
TACGCTAATG (3)	<->	CATTAGCGTA (5)  => min=3
TACATTAGCG (5)	<->	CGCTAATGTA (3)  => min=3
TACATTAAGT (3)	<->	ACTTAATGTA (4)  => min=3
TACAGTGATT (6)	<->	AATCACTGTA (3)  => min=3
TACAGTCTAC (7)	<->	GTAGACTGTA (2)  => min=2
TACAGCTGTA (2)	<->	TACAGCTGTA (2)  => min=2
TACACTTAGG (2)	<->	CCTAAGTGTA (3)  => min=2
TAATGTAGCC (2)	<->	GGCTACATTA (3)  => min=2
TAATGTAGAC (3)	<->	GTCTACATTA (6)  => min=3
TAATCACTGT (3)	<->	ACAGTGATTA (6)  => min=3
TAATATATTA (10)	<->	TAATATATTA (10)  => min=10
TAAGGTTAAT (3)	<->	ATTAACCTTA (3)  => min=3
TAAGCTTTTT (2)	<->	AAAAAGCTTA (3)  => min=2
TAAGCTTTTA (3)	<->	TAAAAGCTTA (2)  => min=2
TAAGAAAGTG (4)	<->	CACTTTCTTA (3)  => min=3
TAACCTTAGT (4)	<->	ACTAAGGTTA (3)  => min=3
TAAACTTAAT (5)	<->	ATTAAGTTTA (5)  => min=5
TAAACTAAGG (3)	<->	CCTTAGTTTA (3)  => min=3
TAAAAAGCTT (2)	<->	AAGCTTTTTA (2)  => min=2
GTTTGGATTT (4)	<->	AAATCCAAAC (6)  => min=4
GTTTACTGTC (3)	<->	GACAGTAAAC (4)  => min=3
GTTAATATAT (7)	<->	ATATATTAAC (3)  => min=3
GTGTCCCTGC (5)	<->	GCAGGGACAC (5)  => min=5
GTGTACAGTG (5)	<->	CACTGTACAC (2)  => min=2
GTGGTGAGTG (5)	<->	CACTCACCAC (4)  => min=4
GTGATTACAG (7)	<->	CTGTAATCAC (3)  => min=3
GTGATGTCTG (6)	<->	CAGACATCAC (4)  => min=4
GTGAGTGGTG (4)	<->	CACCACTCAC (6)  => min=4
GTGAGTGAAT (4)	<->	ATTCACTCAC (4)  => min=4
GTGAAGGTCT (3)	<->	AGACCTTCAC (3)  => min=3
GTCTGAGACC (3)	<->	GGTCTCAGAC (3)  => min=3
GTCCCTGCCC (5)	<->	GGGCAGGGAC (6)  => min=5
GTCACTTTCT (4)	<->	AGAAAGTGAC (5)  => min=4
GTCAAATTGG (3)	<->	CCAATTTGAC (7)  => min=3
GTAGCCTAAG (2)	<->	CTTAGGCTAC (3)  => min=2
GTAGAGTGAT (7)	<->	ATCACTCTAC (5)  => min=5
GTACAGTGAT (6)	<->	ATCACTGTAC (3)  => min=3
GTACACTTAG (2)	<->	CTAAGTGTAC (4)  => min=2
GTAATCACTG (3)	<->	CAGTGATTAC (7)  => min=3
GTAAGAAAGT (4)	<->	ACTTTCTTAC (3)  => min=3
GTAAACTAAG (3)	<->	CTTAGTTTAC (3)  => min=3
GGTTTGGATT (4)	<->	AATCCAAACC (6)  => min=4
GGGGCATGGT (4)	<->	ACCATGCCCC (4)  => min=4
GGGCATGGTG (6)	<->	CACCATGCCC (5)  => min=5
GGGAGTGAGT (2)	<->	ACTCACTCCC (6)  => min=2
GGCATGGTGG (6)	<->	CCACCATGCC (6)  => min=6
GGATTTGTGT (5)	<->	ACACAAATCC (5)  => min=5
GGAGTGAGTG (3)	<->	CACTCACTCC (6)  => min=3
GGAGAAGGGG (3)	<->	CCCCTTCTCC (5)  => min=3
GGACACAAAT (5)	<->	ATTTGTGTCC (5)  => min=5
GCTTTTTAGT (2)	<->	ACTAAAAAGC (2)  => min=2
GCTTTTAGTT (2)	<->	AACTAAAAGC (3)  => min=2
GCTTATAAAG (2)	<->	CTTTATAAGC (4)  => min=2
GCTAATGTAG (3)	<->	CTACATTAGC (5)  => min=3
GCGTAGAGTG (6)	<->	CACTCTACGC (5)  => min=5
GCCTAAGTGT (2)	<->	ACACTTAGGC (2)  => min=2
GCCCCTTCTC (5)	<->	GAGAAGGGGC (2)  => min=2
GCCCAAATCT (7)	<->	AGATTTGGGC (7)  => min=7
GCATGGTGGG (6)	<->	CCCACCATGC (5)  => min=5
GATTTGTGTC (5)	<->	GACACAAATC (5)  => min=5
GATTACAGTC (7)	<->	GACTGTAATC (2)  => min=2
GATGTCTGAG (6)	<->	CTCAGACATC (4)  => min=4
GATATGGTTT (5)	<->	AAACCATATC (6)  => min=5
GAGTGGTGAG (3)	<->	CTCACCACTC (7)  => min=3
GAGTGATGTC (6)	<->	GACATCACTC (6)  => min=6
GAGTGAGTGG (4)	<->	CCACTCACTC (6)  => min=4
GAGTGAATGT (4)	<->	ACATTCACTC (3)  => min=3
GAGATTTGGG (7)	<->	CCCAAATCTC (7)  => min=7
GACTGATATG (4)	<->	CATATCAGTC (4)  => min=4
GACATGAGAT (7)	<->	ATCTCATGTC (5)  => min=5
GAATGTGAAG (3)	<->	CTTCACATTC (4)  => min=3
GAAGGGGCAT (2)	<->	ATGCCCCTTC (5)  => min=2
GAAATTTTTT (4)	<->	AAAAAATTTC (2)  => min=2
GAAAGAAATT (5)	<->	AATTTCTTTC (5)  => min=5
GAAAACTTTT (3)	<->	AAAAGTTTTC (4)  => min=3
CTTTTTAGTT (2)	<->	AACTAAAAAG (2)  => min=2
CTTTCTTACT (3)	<->	AGTAAGAAAG (4)  => min=3
CTTCAATAAT (5)	<->	ATTATTGAAG (7)  => min=5
CTTAATGTAG (4)	<->	CTACATTAAG (3)  => min=3
CTGTCACTTT (3)	<->	AAAGTGACAG (4)  => min=3
CTGTACACTT (2)	<->	AAGTGTACAG (4)  => min=2
CTGCCCAAAT (7)	<->	ATTTGGGCAG (7)  => min=7
CTGATATGGT (4)	<->	ACCATATCAG (4)  => min=4
CTGAGACCTT (2)	<->	AAGGTCTCAG (3)  => min=2
CTCCCACCAT (5)	<->	ATGGTGGGAG (6)  => min=5
CTCCAATTTG (7)	<->	CAAATTGGAG (3)  => min=3
CTCACTCCCT (5)	<->	AGGGAGTGAG (2)  => min=2
CTACGCTAAT (3)	<->	ATTAGCGTAG (5)  => min=3
CTAAAAAGCT (2)	<->	AGCTTTTTAG (2)  => min=2
CCTTCACATT (3)	<->	AATGTGAAGG (3)  => min=3
CTTTTAGTTT (2)	<->	AAACTAAAAG (3)  => min=2
CCATGCCCCT (4)	<->	AGGGGCATGG (3)  => min=3
CCATATCAGT (4)	<->	ACTGATATGG (4)  => min=4
CATTAAGTTT (3)	<->	AAACTTAATG (5)  => min=3
CATGTCAAAT (3)	<->	ATTTGACATG (7)  => min=3
CATGCCCCTT (5)	<->	AAGGGGCATG (3)  => min=3
CATGAGATTT (7)	<->	AAATCTCATG (5)  => min=5
CAGTCTACAT (7)	<->	ATGTAGACTG (2)  => min=2
CACATTCACT (3)	<->	AGTGAATGTG (4)  => min=3
CAAATCTCAT (7)	<->	ATGAGATTTG (7)  => min=7
CAAACCATAT (7)	<->	ATATGGTTTG (6)  => min=6
ATTTCTTTCT (5)	<->	AGAAAGAAAT (5)  => min=5
ATTACAGTCT (7)	<->	AGACTGTAAT (2)  => min=2
ATGTGAAGGT (3)	<->	ACCTTCACAT (3)  => min=3
ATGTCAAATT (3)	<->	AATTTGACAT (7)  => min=3
ATATTAACCT (3)	<->	AGGTTAATAT (7)  => min=3
ATATATTATT (7)	<->	AATAATATAT (3)  => min=3
ATAATATATT (3)	<->	AATATATTAT (7)  => min=3
ATAAGCTTTT (4)	<->	AAAAGCTTAT (4)  => min=4
AGTTTACTGT (3)	<->	ACAGTAAACT (4)  => min=3
AGTGTACAGT (4)	<->	ACTGTACACT (2)  => min=2
AGTGGTGAGT (3)	<->	ACTCACCACT (4)  => min=3
AGTGATGTCT (6)	<->	AGACATCACT (5)  => min=5
AGTGAGTGGT (4)	<->	ACCACTCACT (6)  => min=4
AGTCTACATT (7)	<->	AATGTAGACT (3)  => min=3
AGGCTACATT (3)	<->	AATGTAGCCT (2)  => min=2
AGCGTAGAGT (5)	<->	ACTCTACGCT (5)  => min=5
AGAGTGATGT (6)	<->	ACATCACTCT (6)  => min=6
AGAAATTTTT (5)	<->	AAAAATTTCT (4)  => min=4
AGAAAACTTT (3)	<->	AAAGTTTTCT (5)  => min=3
ACTGTCACTT (3)	<->	AAGTGACAGT (4)  => min=3
ACGCTAATGT (3)	<->	ACATTAGCGT (5)  => min=3
ACCTTAGTTT (4)	<->	AAACTAAGGT (3)  => min=3
ACATTAAGTT (3)	<->	AACTTAATGT (4)  => min=3
ACATGAGATT (7)	<->	AATCTCATGT (5)  => min=5
AAGAAATTTT (5)	<->	AAAATTTCTT (5)  => min=5
AACTAAGGTT (3)	<->	AACCTTAGTT (4)  => min=3
AAATTTTTTT (2)	<->	AAAAAAATTT (2)  => min=2
AAATTTCTTT (4)	<->	AAAGAAATTT (5)  => min=4
AAAACTTTTT (2)	<->	AAAAAGTTTT (4)  => min=2

rev_kmer_count = 824, total_kmer_count = 3080, ratio = 0.268, threshold = 0.050
Decision: complex
============================================

